<?xml version="1.0" encoding="UTF-8"?>
<!-- Generated by org.testng.reporters.JUnitReportReporter -->
<testsuite skipped="0" hostname="zzj" name="testng.testng" tests="2" failures="0" timestamp="03 一月 2018 17:38:27 GMT" time="0.006" errors="0">
  <testcase name="getPara" time="0.005" classname="testng.testng"/>
  <testcase name="getPara1" time="0.001" classname="testng.testng"/>
</testsuite> <!-- testng.testng -->
